    OpenRGB v0.9+ (1.0rc1)
    Commit:  from 
    Launched: 20250823_201639
====================================================================================================

54    |Info:    [ResourceManager] Saving detector settings
55    |Info:    [ResourceManager] Initializing HID interfaces: Success
55    |Info:    ------------------------------------------------------
55    |Info:    |               Start device detection               |
55    |Info:    ------------------------------------------------------
60    |Info:    ------------------------------------------------------
60    |Info:    |             Detecting I2C interfaces               |
60    |Info:    ------------------------------------------------------
60    |Info:    [ResourceManager] Registering I2C interface: /dev/i2c-3 Device 8086:3E9B Subsystem: 1462:126A
60    |Info:    [ResourceManager] Registering I2C interface: /dev/i2c-1 Device 10DE:1F11 Subsystem: 1462:126A
63    |Info:    [ResourceManager] Registering I2C interface: /dev/i2c-8 Device 10DE:1ADB Subsystem: 1462:126A
64    |Info:    [ResourceManager] Registering I2C interface: /dev/i2c-6 Device 8086:3E9B Subsystem: 1462:126A
64    |Info:    [ResourceManager] Registering I2C interface: /dev/i2c-4 Device 8086:3E9B Subsystem: 1462:126A
64    |Info:    [ResourceManager] Registering I2C interface: /dev/i2c-2 Device 10DE:1F11 Subsystem: 1462:126A
64    |Info:    [ResourceManager] Registering I2C interface: /dev/i2c-0 Device 10DE:1F11 Subsystem: 1462:126A
64    |Info:    [ResourceManager] Registering I2C interface: /dev/i2c-9 Device 8086:A323 Subsystem: 1462:126A
64    |Warning: [i2c_smbus_linux] Failed to read i2c device PCI device ID
64    |Info:    [ResourceManager] Registering I2C interface: /dev/i2c-7 Device 0000:0000 Subsystem: 0000:0000
64    |Info:    [ResourceManager] Registering I2C interface: /dev/i2c-5 Device 8086:3E9B Subsystem: 1462:126A
64    |Info:    ------------------------------------------------------
64    |Info:    |               Detecting I2C devices                |
64    |Info:    ------------------------------------------------------
377   |Info:    ------------------------------------------------------
377   |Info:    |            Detecting I2C DIMM modules              |
377   |Info:    ------------------------------------------------------
399   |Info:    [ResourceManager] Detected occupied slot 3, bus 7, type DDR4
420   |Info:    ------------------------------------------------------
420   |Info:    |               Detecting I2C PCI devices            |
420   |Info:    ------------------------------------------------------
425   |Info:    ------------------------------------------------------
425   |Info:    |               Detecting HID devices                |
425   |Info:    ------------------------------------------------------
425   |Info:    ------------------------------------------------------
425   |Info:    |            Detecting libusb HID devices            |
425   |Info:    ------------------------------------------------------
439   |Info:    ------------------------------------------------------
439   |Info:    |              Detecting other devices               |
439   |Info:    ------------------------------------------------------
451   |Info:    [ResourceManager] Calling Post-detection callbacks
451   |Info:    ------------------------------------------------------
451   |Info:    |                Detection completed                 |
451   |Info:    ------------------------------------------------------
