2025/08/24 08:25:06 logging.go:49: Session started at 2025-08-24 08-25-06
2025/08/24 08:25:06 service.go:27: Initialised starting screen.
2025/08/24 08:25:06 service.go:31: Running app...
2025/08/24 08:25:13 main_page.go:40: Creating new main page...
2025/08/24 08:25:13 main_page.go:209: Using guest main page.
2025/08/24 08:25:13 main_page.go:216: Setting guest grid...
2025/08/24 08:25:13 main_page.go:227: Setting guest table...
2025/08/24 08:25:13 main_page.go:220: Finished setting guest grid.
2025/08/24 08:25:20 main_page.go:330: Finished setting guest table.
2025/08/24 08:26:06 page_inputs.go:39: Received toggle login/logout event.
2025/08/24 08:26:08 modals.go:47: Removing logout_modal modal
2025/08/24 08:26:24 main_page.go:40: Creating new main page...
2025/08/24 08:26:24 main_page.go:209: Using guest main page.
2025/08/24 08:26:24 main_page.go:216: Setting guest grid...
2025/08/24 08:26:24 main_page.go:227: Setting guest table...
2025/08/24 08:26:24 main_page.go:220: Finished setting guest grid.
2025/08/24 08:26:30 main_page.go:330: Finished setting guest table.
2025/08/24 08:26:43 search_page.go:105: Setting new search results...
2025/08/24 08:26:43 main_page.go:227: Setting guest table...
2025/08/24 08:26:43 main_page.go:367: Settings guest table for search: "goodnight"
2025/08/24 08:26:43 main_page.go:330: Finished setting guest table.
2025/08/24 08:26:48 page_inputs.go:169: Selected row 7 on main page.
2025/08/24 08:26:48 manga_page.go:161: Setting up manga page chapter table...
2025/08/24 08:26:49 manga_page.go:295: Got 0 of 0 chapters
2025/08/24 08:27:00 page_inputs.go:193: Creating and showing confirm download modal...
2025/08/24 08:27:02 modals.go:47: Removing download_chapters_modal modal
2025/08/24 08:27:15 service.go:33: EOF
